<?xml version="1.0" encoding="UTF-8"?>
<!-- Generated by org.testng.reporters.JUnitXMLReporter -->
<testsuite ignored="2" hostname="ShivBaba" failures="0" tests="3" name="Test" time="190.461" errors="0" timestamp="2022-12-25T09:30:13 IST">
  <testcase classname="testcases.LoginTest" name="validateTitle" time="0.866"/>
  <testcase classname="testcases.LoginTest" name="verifyLogin" time="84.112"/>
  <testcase classname="testcases.HomeTest" name="verifySearch" time="104.938"/>
  <testcase classname="testcases.BaseTest" name="@AfterSuite tearDown" time="0.0">
    <ignored/>
  </testcase> <!-- @AfterSuite tearDown -->
  <testcase classname="testcases.BaseTest" name="@BeforeSuite initBrowser" time="0.0">
    <ignored/>
  </testcase> <!-- @BeforeSuite initBrowser -->
</testsuite> <!-- Test -->
